110.06.26 20:27 B C:\Documents and Settings\Paula\Desktop\ws_ftp32\MiniEnapol\IX\IX.html --> www.fflch.usp.br /MiniEnapol IX.html
110.06.26 20:34 B C:\Documents and Settings\Paula\Desktop\ws_ftp32\MiniEnapol\IX\IX.html --> www.fflch.usp.br /MiniEnapol/IX IX.html
110.06.27 20:12 B C:\Documents and Settings\Paula\Desktop\ws_ftp32\MiniEnapol\IX\ix-minienapol-inscricoes-thanks.html <-- www.fflch.usp.br /MiniEnapol/IX ix-minienapol-inscricoes-thanks.html
110.06.27 20:12 B C:\Documents and Settings\Paula\Desktop\ws_ftp32\MiniEnapol\IX\ix-minienapol-inscricoes.html <-- www.fflch.usp.br /MiniEnapol/IX ix-minienapol-inscricoes.html
110.06.27 20:12 B C:\Documents and Settings\Paula\Desktop\ws_ftp32\MiniEnapol\IX\ix-minienapol.html <-- www.fflch.usp.br /MiniEnapol/IX ix-minienapol.html
110.06.27 20:12 B C:\Documents and Settings\Paula\Desktop\ws_ftp32\MiniEnapol\IX\IX.html <-- www.fflch.usp.br /MiniEnapol/IX IX.html
110.06.27 20:41 B C:\Documents and Settings\Paula\Desktop\ws_ftp32\MiniEnapol\IX\ix-minienapol-hoteis.html --> www.fflch.usp.br /MiniEnapol/IX ix-minienapol-hoteis.html
110.07.01 13:52 B C:\Documents and Settings\Paula\Desktop\ws_ftp32\MiniEnapol\IX\ix-minienapol-hoteis.html --> www.fflch.usp.br /MiniEnapol/IX ix-minienapol-hoteis.html
110.07.01 13:52 B C:\Documents and Settings\Paula\Desktop\ws_ftp32\MiniEnapol\IX\ix-minienapol-inscricoes.html --> www.fflch.usp.br /MiniEnapol/IX ix-minienapol-inscricoes.html
110.07.01 13:52 B C:\Documents and Settings\Paula\Desktop\ws_ftp32\MiniEnapol\IX\ix-minienapol.html --> www.fflch.usp.br /MiniEnapol/IX ix-minienapol.html
110.07.08 18:56 B C:\Documents and Settings\Paula\Desktop\ws_ftp32\MiniEnapol\IX\ix-minienapol-hoteis.html --> www.fflch.usp.br /MiniEnapol/IX ix-minienapol-hoteis.html
110.07.08 18:56 B C:\Documents and Settings\Paula\Desktop\ws_ftp32\MiniEnapol\IX\ix-minienapol.html --> www.fflch.usp.br /MiniEnapol/IX ix-minienapol.html
110.07.08 19:06 B C:\Documents and Settings\Paula\Desktop\ws_ftp32\MiniEnapol\IX\ix-minienapol.html --> www.fflch.usp.br / ix-minienapol.html
110.07.08 19:10 B C:\Documents and Settings\Paula\Desktop\ws_ftp32\MiniEnapol\IX\ix-minienapol.html --> www.fflch.usp.br /MiniEnapol/IX ix-minienapol.html
110.07.08 19:15 B C:\Documents and Settings\Paula\Desktop\ws_ftp32\MiniEnapol\IX\ix-minienapol-inscricoes.html --> www.fflch.usp.br /MiniEnapol/IX ix-minienapol-inscricoes.html
110.07.09 13:19 B C:\Documents and Settings\Paula\Desktop\ws_ftp32\MiniEnapol\IX\ix-minienapol-hoteis.html <-- www.fflch.usp.br /MiniEnapol/IX ix-minienapol-hoteis.html
110.07.29 22:51 B C:\Documents and Settings\Paula\Desktop\ws_ftp32\MiniEnapol\IX\ix-minienapol-hoteis.html --> www.fflch.usp.br /MiniEnapol/IX ix-minienapol-hoteis.html
110.08.26 12:21 B C:\Documents and Settings\Paula\Desktop\ws_ftp32\MiniEnapol\IX\ix-minienapol.html <-- www.fflch.usp.br /MiniEnapol/IX ix-minienapol.html
110.08.26 12:21 B C:\Documents and Settings\Paula\Desktop\ws_ftp32\MiniEnapol\IX\ix-minienapol-inscricoes.html <-- www.fflch.usp.br /MiniEnapol/IX ix-minienapol-inscricoes.html
110.08.26 12:45 B C:\Documents and Settings\Paula\Desktop\ws_ftp32\MiniEnapol\IX\ix-minienapol-hoteis.html --> www.fflch.usp.br /MiniEnapol/IX ix-minienapol-hoteis.html
110.08.26 12:46 B C:\Documents and Settings\Paula\Desktop\ws_ftp32\MiniEnapol\IX\ix-minienapol-inscricoes-thanks.html --> www.fflch.usp.br /MiniEnapol/IX ix-minienapol-inscricoes-thanks.html
110.08.26 12:46 B C:\Documents and Settings\Paula\Desktop\ws_ftp32\MiniEnapol\IX\ix-minienapol-inscricoes.html --> www.fflch.usp.br /MiniEnapol/IX ix-minienapol-inscricoes.html
110.08.26 12:46 B C:\Documents and Settings\Paula\Desktop\ws_ftp32\MiniEnapol\IX\ix-minienapol.html --> www.fflch.usp.br /MiniEnapol/IX ix-minienapol.html
110.08.29 02:41 B C:\Documents and Settings\Paula\Desktop\ws_ftp32\MiniEnapol\IX\ix-minienapol.html --> www.fflch.usp.br /MiniEnapol/IX ix-minienapol.html
110.09.23 20:16 B C:\Documents and Settings\Paula\Desktop\ws_ftp32\MiniEnapol\IX\minienapol2010-13outubro.html <-- www.fflch.usp.br /MiniEnapol/IX minienapol2010-13outubro.html
110.09.23 21:33 B C:\Documents and Settings\Paula\Desktop\ws_ftp32\MiniEnapol\IX\minienapol2010-14outubro.html --> www.fflch.usp.br /MiniEnapol/IX minienapol2010-14outubro.html
110.09.23 21:33 B C:\Documents and Settings\Paula\Desktop\ws_ftp32\MiniEnapol\IX\minienapol2010-15outubro.html --> www.fflch.usp.br /MiniEnapol/IX minienapol2010-15outubro.html
110.09.26 18:27 B C:\Documents and Settings\Paula\Desktop\ws_ftp32\MiniEnapol\IX\ix-minienapol-inscricoes-thanks.html <-- www.fflch.usp.br /MiniEnapol/IX ix-minienapol-inscricoes-thanks.html
110.09.26 18:27 B C:\Documents and Settings\Paula\Desktop\ws_ftp32\MiniEnapol\IX\ix-minienapol-inscricoes.html <-- www.fflch.usp.br /MiniEnapol/IX ix-minienapol-inscricoes.html
110.09.26 18:27 B C:\Documents and Settings\Paula\Desktop\ws_ftp32\MiniEnapol\IX\ix-minienapol-hoteis.html <-- www.fflch.usp.br /MiniEnapol/IX ix-minienapol-hoteis.html
110.09.26 18:27 B C:\Documents and Settings\Paula\Desktop\ws_ftp32\MiniEnapol\IX\ix-minienapol.html <-- www.fflch.usp.br /MiniEnapol/IX ix-minienapol.html
110.09.26 18:28 B C:\Documents and Settings\Paula\Desktop\ws_ftp32\MiniEnapol\IX\IX.html <-- www.fflch.usp.br /MiniEnapol/IX IX.html
110.09.26 18:44 B C:\Documents and Settings\Paula\Desktop\ws_ftp32\MiniEnapol\IX\minienapol2010-14outubro.html --> www.fflch.usp.br /MiniEnapol/IX minienapol2010-14outubro.html
110.09.26 18:44 B C:\Documents and Settings\Paula\Desktop\ws_ftp32\MiniEnapol\IX\minienapol2010-15outubro.html --> www.fflch.usp.br /MiniEnapol/IX minienapol2010-15outubro.html
110.09.26 23:19 B C:\Documents and Settings\Paula\Desktop\ws_ftp32\MiniEnapol\IX\minienapol2010-14outubro.html --> www.fflch.usp.br /MiniEnapol/IX minienapol2010-14outubro.html
110.09.26 23:19 B C:\Documents and Settings\Paula\Desktop\ws_ftp32\MiniEnapol\IX\minienapol2010-15outubro.html --> www.fflch.usp.br /MiniEnapol/IX minienapol2010-15outubro.html
110.09.27 23:04 B C:\Documents and Settings\Paula\Desktop\ws_ftp32\MiniEnapol\IX\minienapol2010-13outubro.html --> www.fflch.usp.br /MiniEnapol/IX minienapol2010-13outubro.html
110.09.27 23:04 B C:\Documents and Settings\Paula\Desktop\ws_ftp32\MiniEnapol\IX\minienapol2010-14outubro.html --> www.fflch.usp.br /MiniEnapol/IX minienapol2010-14outubro.html
110.09.27 23:04 B C:\Documents and Settings\Paula\Desktop\ws_ftp32\MiniEnapol\IX\minienapol2010-15outubro.html --> www.fflch.usp.br /MiniEnapol/IX minienapol2010-15outubro.html
110.10.01 01:59 B C:\Documents and Settings\Paula\Desktop\ws_ftp32\MiniEnapol\IX\minienapol2010-13outubro.html <-- www.fflch.usp.br /MiniEnapol/IX minienapol2010-13outubro.html
110.10.01 01:59 B C:\Documents and Settings\Paula\Desktop\ws_ftp32\MiniEnapol\IX\minienapol2010-14outubro.html <-- www.fflch.usp.br /MiniEnapol/IX minienapol2010-14outubro.html
110.10.01 01:59 B C:\Documents and Settings\Paula\Desktop\ws_ftp32\MiniEnapol\IX\minienapol2010-15outubro.html <-- www.fflch.usp.br /MiniEnapol/IX minienapol2010-15outubro.html
110.10.01 02:11 B C:\Documents and Settings\Paula\Desktop\ws_ftp32\MiniEnapol\IX\ix-minienapol-hoteis.html --> www.fflch.usp.br /MiniEnapol/IX ix-minienapol-hoteis.html
110.10.01 02:11 B C:\Documents and Settings\Paula\Desktop\ws_ftp32\MiniEnapol\IX\ix-minienapol-inscricoes-thanks.html --> www.fflch.usp.br /MiniEnapol/IX ix-minienapol-inscricoes-thanks.html
110.10.01 02:11 B C:\Documents and Settings\Paula\Desktop\ws_ftp32\MiniEnapol\IX\ix-minienapol-inscricoes.html --> www.fflch.usp.br /MiniEnapol/IX ix-minienapol-inscricoes.html
110.10.01 02:11 B C:\Documents and Settings\Paula\Desktop\ws_ftp32\MiniEnapol\IX\ix-minienapol.html --> www.fflch.usp.br /MiniEnapol/IX ix-minienapol.html
110.10.01 02:11 B C:\Documents and Settings\Paula\Desktop\ws_ftp32\MiniEnapol\IX\minienapol2010-13outubro.html --> www.fflch.usp.br /MiniEnapol/IX minienapol2010-13outubro.html
110.10.01 02:11 B C:\Documents and Settings\Paula\Desktop\ws_ftp32\MiniEnapol\IX\minienapol2010-14outubro.html --> www.fflch.usp.br /MiniEnapol/IX minienapol2010-14outubro.html
110.10.01 02:12 B C:\Documents and Settings\Paula\Desktop\ws_ftp32\MiniEnapol\IX\minienapol2010-15outubro.html --> www.fflch.usp.br /MiniEnapol/IX minienapol2010-15outubro.html
110.10.01 02:23 B C:\Documents and Settings\Paula\Desktop\ws_ftp32\MiniEnapol\IX\ix-minienapol-hoteis.html --> www.fflch.usp.br /MiniEnapol/IX ix-minienapol-hoteis.html
110.10.01 02:23 B C:\Documents and Settings\Paula\Desktop\ws_ftp32\MiniEnapol\IX\ix-minienapol-inscricoes-thanks.html --> www.fflch.usp.br /MiniEnapol/IX ix-minienapol-inscricoes-thanks.html
110.10.01 02:23 B C:\Documents and Settings\Paula\Desktop\ws_ftp32\MiniEnapol\IX\ix-minienapol-inscricoes.html --> www.fflch.usp.br /MiniEnapol/IX ix-minienapol-inscricoes.html
110.10.01 02:23 B C:\Documents and Settings\Paula\Desktop\ws_ftp32\MiniEnapol\IX\ix-minienapol.html --> www.fflch.usp.br /MiniEnapol/IX ix-minienapol.html
110.10.01 02:24 B C:\Documents and Settings\Paula\Desktop\ws_ftp32\MiniEnapol\IX\minienapol2010-13outubro.html --> www.fflch.usp.br /MiniEnapol/IX minienapol2010-13outubro.html
110.10.01 02:24 B C:\Documents and Settings\Paula\Desktop\ws_ftp32\MiniEnapol\IX\minienapol2010-14outubro.html --> www.fflch.usp.br /MiniEnapol/IX minienapol2010-14outubro.html
110.10.01 02:24 B C:\Documents and Settings\Paula\Desktop\ws_ftp32\MiniEnapol\IX\minienapol2010-15outubro.html --> www.fflch.usp.br /MiniEnapol/IX minienapol2010-15outubro.html
110.10.03 20:17 B C:\Documents and Settings\Paula\Desktop\ws_ftp32\MiniEnapol\IX\ix-minienapol-hoteis.html <-- www.fflch.usp.br /MiniEnapol/IX ix-minienapol-hoteis.html
110.10.03 20:17 B C:\Documents and Settings\Paula\Desktop\ws_ftp32\MiniEnapol\IX\ix-minienapol-inscricoes-thanks.html <-- www.fflch.usp.br /MiniEnapol/IX ix-minienapol-inscricoes-thanks.html
110.10.03 20:17 B C:\Documents and Settings\Paula\Desktop\ws_ftp32\MiniEnapol\IX\ix-minienapol-inscricoes.html <-- www.fflch.usp.br /MiniEnapol/IX ix-minienapol-inscricoes.html
110.10.03 20:17 B C:\Documents and Settings\Paula\Desktop\ws_ftp32\MiniEnapol\IX\ix-minienapol.html <-- www.fflch.usp.br /MiniEnapol/IX ix-minienapol.html
110.10.03 20:17 B C:\Documents and Settings\Paula\Desktop\ws_ftp32\MiniEnapol\IX\minienapol2010-13outubro.html <-- www.fflch.usp.br /MiniEnapol/IX minienapol2010-13outubro.html
110.10.03 20:17 B C:\Documents and Settings\Paula\Desktop\ws_ftp32\MiniEnapol\IX\minienapol2010-14outubro.html <-- www.fflch.usp.br /MiniEnapol/IX minienapol2010-14outubro.html
110.10.03 20:17 B C:\Documents and Settings\Paula\Desktop\ws_ftp32\MiniEnapol\IX\minienapol2010-15outubro.html <-- www.fflch.usp.br /MiniEnapol/IX minienapol2010-15outubro.html
110.10.25 22:20 B C:\Documents and Settings\Paula\Desktop\ws_ftp32\MiniEnapol\IX\ix-minienapol-hoteis.html <-- www.fflch.usp.br /MiniEnapol/IX ix-minienapol-hoteis.html
110.10.25 22:20 B C:\Documents and Settings\Paula\Desktop\ws_ftp32\MiniEnapol\IX\ix-minienapol-inscricoes-thanks.html <-- www.fflch.usp.br /MiniEnapol/IX ix-minienapol-inscricoes-thanks.html
110.10.25 22:20 B C:\Documents and Settings\Paula\Desktop\ws_ftp32\MiniEnapol\IX\ix-minienapol-inscricoes.html <-- www.fflch.usp.br /MiniEnapol/IX ix-minienapol-inscricoes.html
110.10.25 22:20 B C:\Documents and Settings\Paula\Desktop\ws_ftp32\MiniEnapol\IX\ix-minienapol.html <-- www.fflch.usp.br /MiniEnapol/IX ix-minienapol.html
110.10.25 22:20 B C:\Documents and Settings\Paula\Desktop\ws_ftp32\MiniEnapol\IX\minienapol2010-13outubro.html <-- www.fflch.usp.br /MiniEnapol/IX minienapol2010-13outubro.html
110.10.25 22:20 B C:\Documents and Settings\Paula\Desktop\ws_ftp32\MiniEnapol\IX\minienapol2010-14outubro.html <-- www.fflch.usp.br /MiniEnapol/IX minienapol2010-14outubro.html
110.10.25 22:20 B C:\Documents and Settings\Paula\Desktop\ws_ftp32\MiniEnapol\IX\minienapol2010-15outubro.html <-- www.fflch.usp.br /MiniEnapol/IX minienapol2010-15outubro.html
111.07.04 21:12 B C:\Documents and Settings\Paula\Desktop\ws_ftp32\MiniEnapol\X\minienapol2011-03outubro.html --> www.fflch.usp.br /MiniEnapol minienapol2011-03outubro.html
111.07.04 21:12 B C:\Documents and Settings\Paula\Desktop\ws_ftp32\MiniEnapol\X\minienapol2011-04outubro.html --> www.fflch.usp.br /MiniEnapol minienapol2011-04outubro.html
111.07.04 21:12 B C:\Documents and Settings\Paula\Desktop\ws_ftp32\MiniEnapol\X\minienapol2011-05outubro.html --> www.fflch.usp.br /MiniEnapol minienapol2011-05outubro.html
111.07.04 21:12 B C:\Documents and Settings\Paula\Desktop\ws_ftp32\MiniEnapol\X\minienapol2011-06outubro.html --> www.fflch.usp.br /MiniEnapol minienapol2011-06outubro.html
111.07.04 21:12 B C:\Documents and Settings\Paula\Desktop\ws_ftp32\MiniEnapol\X\minienapol2011-07outubro.html --> www.fflch.usp.br /MiniEnapol minienapol2011-07outubro.html
111.07.04 21:12 B C:\Documents and Settings\Paula\Desktop\ws_ftp32\MiniEnapol\X\ws_ftp.log --> www.fflch.usp.br /MiniEnapol ws_ftp.log
111.07.04 21:12 B C:\Documents and Settings\Paula\Desktop\ws_ftp32\MiniEnapol\X\x-minienapol-hoteis.html --> www.fflch.usp.br /MiniEnapol x-minienapol-hoteis.html
111.07.04 21:12 B C:\Documents and Settings\Paula\Desktop\ws_ftp32\MiniEnapol\X\x-minienapol-inscricoes-thanks.html --> www.fflch.usp.br /MiniEnapol x-minienapol-inscricoes-thanks.html
111.07.04 21:12 B C:\Documents and Settings\Paula\Desktop\ws_ftp32\MiniEnapol\X\x-minienapol-inscricoes.html --> www.fflch.usp.br /MiniEnapol x-minienapol-inscricoes.html
111.07.04 21:12 B C:\Documents and Settings\Paula\Desktop\ws_ftp32\MiniEnapol\X\x-minienapol.html --> www.fflch.usp.br /MiniEnapol x-minienapol.html
111.07.04 21:17 B C:\Documents and Settings\Paula\Desktop\ws_ftp32\MiniEnapol\X\x-minienapol.html --> www.fflch.usp.br /MiniEnapol/X x-minienapol.html
111.07.04 21:21 B C:\Documents and Settings\Paula\Desktop\ws_ftp32\MiniEnapol\X\x-minienapol-hoteis.html --> www.fflch.usp.br /MiniEnapol/X x-minienapol-hoteis.html
111.07.04 21:21 B C:\Documents and Settings\Paula\Desktop\ws_ftp32\MiniEnapol\X\x-minienapol-inscricoes-thanks.html --> www.fflch.usp.br /MiniEnapol/X x-minienapol-inscricoes-thanks.html
111.07.04 21:21 B C:\Documents and Settings\Paula\Desktop\ws_ftp32\MiniEnapol\X\x-minienapol-inscricoes.html --> www.fflch.usp.br /MiniEnapol/X x-minienapol-inscricoes.html
111.07.04 21:21 B C:\Documents and Settings\Paula\Desktop\ws_ftp32\MiniEnapol\X\x-minienapol.html --> www.fflch.usp.br /MiniEnapol/X x-minienapol.html
111.07.04 21:23 B C:\Documents and Settings\Paula\Desktop\ws_ftp32\MiniEnapol\X\x-minienapol-inscricoes.html --> www.fflch.usp.br /MiniEnapol/X x-minienapol-inscricoes.html
111.07.04 22:01 B C:\Documents and Settings\Paula\Desktop\ws_ftp32\MiniEnapol\X\minienapol2011-03outubro.html --> www.fflch.usp.br /MiniEnapol/X minienapol2011-03outubro.html
111.07.04 22:01 B C:\Documents and Settings\Paula\Desktop\ws_ftp32\MiniEnapol\X\minienapol2011-04outubro.html --> www.fflch.usp.br /MiniEnapol/X minienapol2011-04outubro.html
111.07.04 22:01 B C:\Documents and Settings\Paula\Desktop\ws_ftp32\MiniEnapol\X\minienapol2011-05outubro.html --> www.fflch.usp.br /MiniEnapol/X minienapol2011-05outubro.html
111.07.04 22:01 B C:\Documents and Settings\Paula\Desktop\ws_ftp32\MiniEnapol\X\minienapol2011-06outubro.html --> www.fflch.usp.br /MiniEnapol/X minienapol2011-06outubro.html
111.07.04 22:01 B C:\Documents and Settings\Paula\Desktop\ws_ftp32\MiniEnapol\X\minienapol2011-07outubro.html --> www.fflch.usp.br /MiniEnapol/X minienapol2011-07outubro.html
111.07.04 22:01 B C:\Documents and Settings\Paula\Desktop\ws_ftp32\MiniEnapol\X\x-minienapol-hoteis.html --> www.fflch.usp.br /MiniEnapol/X x-minienapol-hoteis.html
111.07.04 22:01 B C:\Documents and Settings\Paula\Desktop\ws_ftp32\MiniEnapol\X\x-minienapol-inscricoes-thanks.html --> www.fflch.usp.br /MiniEnapol/X x-minienapol-inscricoes-thanks.html
111.07.04 22:01 B C:\Documents and Settings\Paula\Desktop\ws_ftp32\MiniEnapol\X\x-minienapol-inscricoes.html --> www.fflch.usp.br /MiniEnapol/X x-minienapol-inscricoes.html
111.07.04 22:01 B C:\Documents and Settings\Paula\Desktop\ws_ftp32\MiniEnapol\X\x-minienapol.html --> www.fflch.usp.br /MiniEnapol/X x-minienapol.html
111.07.15 22:01 B C:\Documents and Settings\Paula\Desktop\ws_ftp32\MiniEnapol\X\x-minienapol-inscricoes.html --> www.fflch.usp.br /MiniEnapol/X x-minienapol-inscricoes.html
111.07.15 22:04 B C:\Documents and Settings\Paula\Desktop\ws_ftp32\MiniEnapol\X\x-minienapol-inscricoes.html --> www.fflch.usp.br /MiniEnapol/X x-minienapol-inscricoes.html
111.07.17 16:12 B C:\Documents and Settings\Paula\Desktop\ws_ftp32\MiniEnapol\X\minienapol2011-03outubro.html --> www.fflch.usp.br /MiniEnapol/X minienapol2011-03outubro.html
111.07.17 16:12 B C:\Documents and Settings\Paula\Desktop\ws_ftp32\MiniEnapol\X\minienapol2011-04outubro.html --> www.fflch.usp.br /MiniEnapol/X minienapol2011-04outubro.html
111.07.17 16:12 B C:\Documents and Settings\Paula\Desktop\ws_ftp32\MiniEnapol\X\minienapol2011-05outubro.html --> www.fflch.usp.br /MiniEnapol/X minienapol2011-05outubro.html
111.07.17 16:12 B C:\Documents and Settings\Paula\Desktop\ws_ftp32\MiniEnapol\X\minienapol2011-06outubro.html --> www.fflch.usp.br /MiniEnapol/X minienapol2011-06outubro.html
111.07.17 16:12 B C:\Documents and Settings\Paula\Desktop\ws_ftp32\MiniEnapol\X\minienapol2011-07outubro.html --> www.fflch.usp.br /MiniEnapol/X minienapol2011-07outubro.html
111.07.17 16:12 B C:\Documents and Settings\Paula\Desktop\ws_ftp32\MiniEnapol\X\x-minienapol-hoteis.html --> www.fflch.usp.br /MiniEnapol/X x-minienapol-hoteis.html
111.07.17 16:12 B C:\Documents and Settings\Paula\Desktop\ws_ftp32\MiniEnapol\X\x-minienapol-inscricoes-thanks.html --> www.fflch.usp.br /MiniEnapol/X x-minienapol-inscricoes-thanks.html
111.07.17 16:12 B C:\Documents and Settings\Paula\Desktop\ws_ftp32\MiniEnapol\X\x-minienapol-inscricoes.html --> www.fflch.usp.br /MiniEnapol/X x-minienapol-inscricoes.html
111.07.17 16:12 B C:\Documents and Settings\Paula\Desktop\ws_ftp32\MiniEnapol\X\x-minienapol.html --> www.fflch.usp.br /MiniEnapol/X x-minienapol.html
111.07.17 16:22 B C:\Documents and Settings\Paula\Desktop\ws_ftp32\MiniEnapol\X\x-minienapol.html --> www.fflch.usp.br /MiniEnapol/X x-minienapol.html
111.07.18 20:23 B C:\Documents and Settings\Paula\Desktop\ws_ftp32\MiniEnapol\X\minienapol2011-03outubro.html --> www.fflch.usp.br /MiniEnapol/X minienapol2011-03outubro.html
111.07.18 20:23 B C:\Documents and Settings\Paula\Desktop\ws_ftp32\MiniEnapol\X\minienapol2011-04outubro.html --> www.fflch.usp.br /MiniEnapol/X minienapol2011-04outubro.html
111.07.18 20:23 B C:\Documents and Settings\Paula\Desktop\ws_ftp32\MiniEnapol\X\minienapol2011-05outubro.html --> www.fflch.usp.br /MiniEnapol/X minienapol2011-05outubro.html
111.07.18 20:23 B C:\Documents and Settings\Paula\Desktop\ws_ftp32\MiniEnapol\X\minienapol2011-06outubro.html --> www.fflch.usp.br /MiniEnapol/X minienapol2011-06outubro.html
111.07.18 20:23 B C:\Documents and Settings\Paula\Desktop\ws_ftp32\MiniEnapol\X\minienapol2011-07outubro.html --> www.fflch.usp.br /MiniEnapol/X minienapol2011-07outubro.html
112.01.02 17:53 B C:\Documents and Settings\Paula\Desktop\ws_ftp32\MiniEnapol\X\ws_ftp.log <-- www.fflch.usp.br /MiniEnapol/X ws_ftp.log
112.01.02 17:53 B C:\Documents and Settings\Paula\Desktop\ws_ftp32\MiniEnapol\X\x-minienapol-hoteis.html <-- www.fflch.usp.br /MiniEnapol/X x-minienapol-hoteis.html
112.01.02 17:53 B C:\Documents and Settings\Paula\Desktop\ws_ftp32\MiniEnapol\X\x-minienapol.html <-- www.fflch.usp.br /MiniEnapol/X x-minienapol.html
112.01.02 17:53 B C:\Documents and Settings\Paula\Desktop\ws_ftp32\MiniEnapol\X\x-minienapol-inscricoes.html <-- www.fflch.usp.br /MiniEnapol/X x-minienapol-inscricoes.html
112.01.02 17:53 B C:\Documents and Settings\Paula\Desktop\ws_ftp32\MiniEnapol\X\x-minienapol-inscricoes-thanks.html <-- www.fflch.usp.br /MiniEnapol/X x-minienapol-inscricoes-thanks.html
112.08.04 13:53 B C:\Users\Paula\Desktop\ws_ftp32\MiniEnapol\XI\minienapol2012-03outubro.html --> www.fflch.usp.br /MiniEnapol minienapol2012-03outubro.html
112.08.04 13:53 B C:\Users\Paula\Desktop\ws_ftp32\MiniEnapol\XI\minienapol2012-04outubro.html --> www.fflch.usp.br /MiniEnapol minienapol2012-04outubro.html
112.08.04 13:54 B C:\Users\Paula\Desktop\ws_ftp32\MiniEnapol\XI\minienapol2012-05outubro.html --> www.fflch.usp.br /MiniEnapol minienapol2012-05outubro.html
112.09.12 18:28 B C:\Users\Paula\Desktop\ws_ftp32\MiniEnapol\XI\ws_ftp.log <-- www.fflch.usp.br /MiniEnapol/XI ws_ftp.log
112.09.12 18:28 B C:\Users\Paula\Desktop\ws_ftp32\MiniEnapol\XI\xi-minienapol-hoteis.html <-- www.fflch.usp.br /MiniEnapol/XI xi-minienapol-hoteis.html
112.09.12 18:28 B C:\Users\Paula\Desktop\ws_ftp32\MiniEnapol\XI\xi-minienapol.html <-- www.fflch.usp.br /MiniEnapol/XI xi-minienapol.html
112.09.12 18:39 B C:\Users\Paula\Desktop\ws_ftp32\MiniEnapol\XI\xi-minienapol.html --> www.fflch.usp.br /MiniEnapol/XI xi-minienapol.html
112.09.18 03:15 B C:\Users\Paula\Desktop\ws_ftp32\MiniEnapol\XI\minienapol2012-03outubro.html --> www.fflch.usp.br /MiniEnapol minienapol2012-03outubro.html
112.09.18 03:15 B C:\Users\Paula\Desktop\ws_ftp32\MiniEnapol\XI\minienapol2012-04outubro.html --> www.fflch.usp.br /MiniEnapol minienapol2012-04outubro.html
112.09.18 03:16 B C:\Users\Paula\Desktop\ws_ftp32\MiniEnapol\XI\minienapol2012-05outubro.html --> www.fflch.usp.br /MiniEnapol minienapol2012-05outubro.html
