110.04.23 23:53 B C:\Documents and Settings\Paula\Desktop\ws_ftp32\agenda\agenda2006.html <-- www.fflch.usp.br /agenda agenda2006.html
110.04.23 23:53 B C:\Documents and Settings\Paula\Desktop\ws_ftp32\agenda\agenda2007_fra.html <-- www.fflch.usp.br /agenda agenda2007_fra.html
110.04.23 23:53 B C:\Documents and Settings\Paula\Desktop\ws_ftp32\agenda\agenda2007.htm <-- www.fflch.usp.br /agenda agenda2007.htm
110.04.23 23:53 B C:\Documents and Settings\Paula\Desktop\ws_ftp32\agenda\agenda2008.html <-- www.fflch.usp.br /agenda agenda2008.html
110.04.23 23:53 B C:\Documents and Settings\Paula\Desktop\ws_ftp32\agenda\agenda2009.html <-- www.fflch.usp.br /agenda agenda2009.html
110.04.23 23:53 B C:\Documents and Settings\Paula\Desktop\ws_ftp32\agenda\agenda2010.html <-- www.fflch.usp.br /agenda agenda2010.html
110.04.23 23:53 B C:\Documents and Settings\Paula\Desktop\ws_ftp32\agenda\casa-jorn1-2009-prog.pdf <-- www.fflch.usp.br /agenda casa-jorn1-2009-prog.pdf
110.04.23 23:53 B C:\Documents and Settings\Paula\Desktop\ws_ftp32\agenda\casa-jornada1-2009.html <-- www.fflch.usp.br /agenda casa-jornada1-2009.html
110.04.23 23:53 B C:\Documents and Settings\Paula\Desktop\ws_ftp32\agenda\cz-aniv.html <-- www.fflch.usp.br /agenda cz-aniv.html
110.04.24 22:29 B C:\Documents and Settings\Paula\Meus documentos\My Dropbox\ws_ftp32\agenda\agenda2006.html --> www.fflch.usp.br / agenda2006.html
110.04.24 22:29 B C:\Documents and Settings\Paula\Meus documentos\My Dropbox\ws_ftp32\agenda\agenda2010.html --> www.fflch.usp.br / agenda2010.html
110.05.10 00:26 B C:\Documents and Settings\Paula\Desktop\ws_ftp32\agenda\agenda2006.html <-- www.fflch.usp.br /agenda agenda2006.html
110.05.10 00:26 B C:\Documents and Settings\Paula\Desktop\ws_ftp32\agenda\agenda2007_fra.html <-- www.fflch.usp.br /agenda agenda2007_fra.html
110.05.10 00:26 B C:\Documents and Settings\Paula\Desktop\ws_ftp32\agenda\agenda2007.htm <-- www.fflch.usp.br /agenda agenda2007.htm
110.05.10 00:26 B C:\Documents and Settings\Paula\Desktop\ws_ftp32\agenda\agenda2008.html <-- www.fflch.usp.br /agenda agenda2008.html
110.05.10 00:26 B C:\Documents and Settings\Paula\Desktop\ws_ftp32\agenda\agenda2009.html <-- www.fflch.usp.br /agenda agenda2009.html
110.05.10 00:26 B C:\Documents and Settings\Paula\Desktop\ws_ftp32\agenda\agenda2010.html <-- www.fflch.usp.br /agenda agenda2010.html
110.05.10 00:26 B C:\Documents and Settings\Paula\Desktop\ws_ftp32\agenda\casa-jorn1-2009-prog.pdf <-- www.fflch.usp.br /agenda casa-jorn1-2009-prog.pdf
110.05.10 00:26 B C:\Documents and Settings\Paula\Desktop\ws_ftp32\agenda\casa-jornada1-2009.html <-- www.fflch.usp.br /agenda casa-jornada1-2009.html
110.05.10 00:26 B C:\Documents and Settings\Paula\Desktop\ws_ftp32\agenda\cz-aniv.html <-- www.fflch.usp.br /agenda cz-aniv.html
110.05.17 23:49 B C:\Documents and Settings\Paula\Desktop\ws_ftp32\agenda\agenda2006.html <-- www.fflch.usp.br /agenda agenda2006.html
110.05.17 23:49 B C:\Documents and Settings\Paula\Desktop\ws_ftp32\agenda\agenda2007_fra.html <-- www.fflch.usp.br /agenda agenda2007_fra.html
110.05.17 23:49 B C:\Documents and Settings\Paula\Desktop\ws_ftp32\agenda\agenda2007.htm <-- www.fflch.usp.br /agenda agenda2007.htm
110.05.17 23:49 B C:\Documents and Settings\Paula\Desktop\ws_ftp32\agenda\agenda2008.html <-- www.fflch.usp.br /agenda agenda2008.html
110.05.17 23:49 B C:\Documents and Settings\Paula\Desktop\ws_ftp32\agenda\agenda2009.html <-- www.fflch.usp.br /agenda agenda2009.html
110.05.17 23:49 B C:\Documents and Settings\Paula\Desktop\ws_ftp32\agenda\agenda2010.html <-- www.fflch.usp.br /agenda agenda2010.html
110.05.17 23:49 B C:\Documents and Settings\Paula\Desktop\ws_ftp32\agenda\casa-jorn1-2009-prog.pdf <-- www.fflch.usp.br /agenda casa-jorn1-2009-prog.pdf
110.05.17 23:49 B C:\Documents and Settings\Paula\Desktop\ws_ftp32\agenda\casa-jornada1-2009.html <-- www.fflch.usp.br /agenda casa-jornada1-2009.html
110.05.17 23:49 B C:\Documents and Settings\Paula\Desktop\ws_ftp32\agenda\cz-aniv.html <-- www.fflch.usp.br /agenda cz-aniv.html
110.05.18 00:51 B C:\Documents and Settings\Paula\Desktop\ws_ftp32\agenda\agenda2006.html --> www.fflch.usp.br / agenda2006.html
110.05.18 00:52 B C:\Documents and Settings\Paula\Desktop\ws_ftp32\agenda\agenda2007.htm --> www.fflch.usp.br / agenda2007.htm
110.05.18 00:52 B C:\Documents and Settings\Paula\Desktop\ws_ftp32\agenda\agenda2007_fra.html --> www.fflch.usp.br / agenda2007_fra.html
110.05.18 00:52 B C:\Documents and Settings\Paula\Desktop\ws_ftp32\agenda\agenda2008.html --> www.fflch.usp.br / agenda2008.html
110.05.18 00:52 B C:\Documents and Settings\Paula\Desktop\ws_ftp32\agenda\agenda2009.html --> www.fflch.usp.br / agenda2009.html
110.05.18 00:52 B C:\Documents and Settings\Paula\Desktop\ws_ftp32\agenda\agenda2010.html --> www.fflch.usp.br / agenda2010.html
110.05.18 00:52 B C:\Documents and Settings\Paula\Desktop\ws_ftp32\agenda\casa-jorn1-2009-prog.pdf --> www.fflch.usp.br / casa-jorn1-2009-prog.pdf
110.05.18 00:52 B C:\Documents and Settings\Paula\Desktop\ws_ftp32\agenda\casa-jornada1-2009.html --> www.fflch.usp.br / casa-jornada1-2009.html
110.05.18 00:52 B C:\Documents and Settings\Paula\Desktop\ws_ftp32\agenda\cz-aniv.html --> www.fflch.usp.br / cz-aniv.html
