113.10.02 12:39 B C:\Users\Paula\Desktop\ws_ftp32\MiniEnapol\XII\xii-minienapol.html <-- www.fflch.usp.br /MiniEnapol/XII xii-minienapol.html
113.10.02 13:28 B C:\Users\Paula\Desktop\ws_ftp32\MiniEnapol\XII\xii-minienapol.html --> www.fflch.usp.br /MiniEnapol/XII xii-minienapol.html
113.10.02 13:28 B C:\Users\Paula\Desktop\ws_ftp32\MiniEnapol\XII\xii-minienapol-inscricoes.html --> www.fflch.usp.br /MiniEnapol/XII xii-minienapol-inscricoes.html
113.10.02 13:28 B C:\Users\Paula\Desktop\ws_ftp32\MiniEnapol\XII\xii-minienapol-hoteis.html --> www.fflch.usp.br /MiniEnapol/XII xii-minienapol-hoteis.html
113.10.02 14:09 B C:\Users\Paula\Desktop\ws_ftp32\MiniEnapol\XII\xii-minienapol-inscricoes.html --> www.fflch.usp.br /MiniEnapol/XII xii-minienapol-inscricoes.html
113.10.02 14:09 B C:\Users\Paula\Desktop\ws_ftp32\MiniEnapol\XII\xii-minienapol.html --> www.fflch.usp.br /MiniEnapol/XII xii-minienapol.html
113.10.02 14:09 B C:\Users\Paula\Desktop\ws_ftp32\MiniEnapol\XII\xii-minienapol-hoteis.html --> www.fflch.usp.br /MiniEnapol/XII xii-minienapol-hoteis.html
113.10.02 14:12 B C:\Users\Paula\Desktop\ws_ftp32\MiniEnapol\XII\xii-minienapol-inscricoes.html --> www.fflch.usp.br /MiniEnapol/XII xii-minienapol-inscricoes.html
113.10.02 15:14 B C:\Users\Paula\Desktop\ws_ftp32\MiniEnapol\XII\xii-minienapol-hoteis.html --> www.fflch.usp.br /MiniEnapol/XII xii-minienapol-hoteis.html
113.10.08 11:27 B C:\Users\Paula\Desktop\ws_ftp32\MiniEnapol\XII\xii-minienapol-hoteis.html <-- www.fflch.usp.br /MiniEnapol/XII xii-minienapol-hoteis.html
113.10.08 11:27 B C:\Users\Paula\Desktop\ws_ftp32\MiniEnapol\XII\xii-minienapol-inscricoes.html <-- www.fflch.usp.br /MiniEnapol/XII xii-minienapol-inscricoes.html
113.10.08 11:27 B C:\Users\Paula\Desktop\ws_ftp32\MiniEnapol\XII\xii-minienapol.html <-- www.fflch.usp.br /MiniEnapol/XII xii-minienapol.html
113.10.08 11:32 B C:\Users\Paula\Desktop\ws_ftp32\MiniEnapol\XII\xii-minienapol-hoteis.html --> www.fflch.usp.br /MiniEnapol/XII xii-minienapol-hoteis.html
113.10.08 11:32 B C:\Users\Paula\Desktop\ws_ftp32\MiniEnapol\XII\xii-minienapol-inscricoes.html --> www.fflch.usp.br /MiniEnapol/XII xii-minienapol-inscricoes.html
113.10.08 11:32 B C:\Users\Paula\Desktop\ws_ftp32\MiniEnapol\XII\xii-minienapol.html --> www.fflch.usp.br /MiniEnapol/XII xii-minienapol.html
113.10.08 15:42 B C:\Users\Paula\Desktop\ws_ftp32\MiniEnapol\XII\xii-minienapol-hoteis.html --> www.fflch.usp.br /MiniEnapol/XII xii-minienapol-hoteis.html
113.10.08 15:42 B C:\Users\Paula\Desktop\ws_ftp32\MiniEnapol\XII\xii-minienapol-inscricoes.html --> www.fflch.usp.br /MiniEnapol/XII xii-minienapol-inscricoes.html
113.10.08 15:42 B C:\Users\Paula\Desktop\ws_ftp32\MiniEnapol\XII\xii-minienapol.html --> www.fflch.usp.br /MiniEnapol/XII xii-minienapol.html
113.10.22 22:01 B C:\Users\Paula\Desktop\ws_ftp32\MiniEnapol\XII\xii-minienapol-hoteis.html <-- www.fflch.usp.br /MiniEnapol/XII xii-minienapol-hoteis.html
113.10.22 22:01 B C:\Users\Paula\Desktop\ws_ftp32\MiniEnapol\XII\xii-minienapol-inscricoes.html <-- www.fflch.usp.br /MiniEnapol/XII xii-minienapol-inscricoes.html
113.10.22 22:02 B C:\Users\Paula\Desktop\ws_ftp32\MiniEnapol\XII\xii-minienapol.html <-- www.fflch.usp.br /MiniEnapol/XII xii-minienapol.html
113.10.22 22:10 B C:\Users\Paula\Desktop\ws_ftp32\MiniEnapol\XII\xii-minienapol-hoteis.html --> www.fflch.usp.br /MiniEnapol/XII xii-minienapol-hoteis.html
113.10.22 22:10 B C:\Users\Paula\Desktop\ws_ftp32\MiniEnapol\XII\xii-minienapol-inscricoes.html --> www.fflch.usp.br /MiniEnapol/XII xii-minienapol-inscricoes.html
113.10.22 22:10 B C:\Users\Paula\Desktop\ws_ftp32\MiniEnapol\XII\xii-minienapol.html --> www.fflch.usp.br /MiniEnapol/XII xii-minienapol.html
113.10.31 19:48 B C:\Users\Paula\Desktop\ws_ftp32\MiniEnapol\XII\xii-minienapol-hoteis.html <-- www.fflch.usp.br /MiniEnapol/XII xii-minienapol-hoteis.html
113.10.31 19:48 B C:\Users\Paula\Desktop\ws_ftp32\MiniEnapol\XII\xii-minienapol-inscricoes.html <-- www.fflch.usp.br /MiniEnapol/XII xii-minienapol-inscricoes.html
113.10.31 19:48 B C:\Users\Paula\Desktop\ws_ftp32\MiniEnapol\XII\xii-minienapol.html <-- www.fflch.usp.br /MiniEnapol/XII xii-minienapol.html
113.10.31 20:05 B C:\Users\Paula\Desktop\ws_ftp32\MiniEnapol\XII\xii-minienapol-hoteis.html --> www.fflch.usp.br /MiniEnapol/XII xii-minienapol-hoteis.html
113.10.31 20:05 B C:\Users\Paula\Desktop\ws_ftp32\MiniEnapol\XII\xii-minienapol-inscricoes.html --> www.fflch.usp.br /MiniEnapol/XII xii-minienapol-inscricoes.html
113.10.31 20:05 B C:\Users\Paula\Desktop\ws_ftp32\MiniEnapol\XII\xii-minienapol.html --> www.fflch.usp.br /MiniEnapol/XII xii-minienapol.html
114.02.17 20:01 B C:\Users\Paula\Desktop\ws_ftp32\MiniEnapol\XII\minienapol_2013_11novembro.html <-- www.fflch.usp.br /MiniEnapol/XII minienapol_2013_11novembro.html
114.02.17 20:01 B C:\Users\Paula\Desktop\ws_ftp32\MiniEnapol\XII\minienapol_2013_12novembro.html <-- www.fflch.usp.br /MiniEnapol/XII minienapol_2013_12novembro.html
114.02.17 20:01 B C:\Users\Paula\Desktop\ws_ftp32\MiniEnapol\XII\minienapol_2013_13novembro.html <-- www.fflch.usp.br /MiniEnapol/XII minienapol_2013_13novembro.html
114.02.17 20:01 B C:\Users\Paula\Desktop\ws_ftp32\MiniEnapol\XII\minienapol_2013_ses_10_res.pdf <-- www.fflch.usp.br /MiniEnapol/XII minienapol_2013_ses_10_res.pdf
114.02.17 20:01 B C:\Users\Paula\Desktop\ws_ftp32\MiniEnapol\XII\minienapol_2013_ses_11_res.pdf <-- www.fflch.usp.br /MiniEnapol/XII minienapol_2013_ses_11_res.pdf
114.02.17 20:01 B C:\Users\Paula\Desktop\ws_ftp32\MiniEnapol\XII\minienapol_2013_ses_12_res.pdf <-- www.fflch.usp.br /MiniEnapol/XII minienapol_2013_ses_12_res.pdf
114.02.17 20:01 B C:\Users\Paula\Desktop\ws_ftp32\MiniEnapol\XII\minienapol_2013_ses_1_res.pdf <-- www.fflch.usp.br /MiniEnapol/XII minienapol_2013_ses_1_res.pdf
114.02.17 20:02 B C:\Users\Paula\Desktop\ws_ftp32\MiniEnapol\XII\minienapol_2013_ses_2_res.pdf <-- www.fflch.usp.br /MiniEnapol/XII minienapol_2013_ses_2_res.pdf
114.02.17 20:02 B C:\Users\Paula\Desktop\ws_ftp32\MiniEnapol\XII\minienapol_2013_ses_3_res.pdf <-- www.fflch.usp.br /MiniEnapol/XII minienapol_2013_ses_3_res.pdf
114.02.17 20:02 B C:\Users\Paula\Desktop\ws_ftp32\MiniEnapol\XII\minienapol_2013_ses_4_res.pdf <-- www.fflch.usp.br /MiniEnapol/XII minienapol_2013_ses_4_res.pdf
114.02.17 20:02 B C:\Users\Paula\Desktop\ws_ftp32\MiniEnapol\XII\minienapol_2013_ses_5_res.pdf <-- www.fflch.usp.br /MiniEnapol/XII minienapol_2013_ses_5_res.pdf
114.02.17 20:02 B C:\Users\Paula\Desktop\ws_ftp32\MiniEnapol\XII\minienapol_2013_ses_6_res.pdf <-- www.fflch.usp.br /MiniEnapol/XII minienapol_2013_ses_6_res.pdf
114.02.17 20:02 B C:\Users\Paula\Desktop\ws_ftp32\MiniEnapol\XII\minienapol_2013_ses_7_res.pdf <-- www.fflch.usp.br /MiniEnapol/XII minienapol_2013_ses_7_res.pdf
114.02.17 20:02 B C:\Users\Paula\Desktop\ws_ftp32\MiniEnapol\XII\minienapol_2013_ses_8_res.pdf <-- www.fflch.usp.br /MiniEnapol/XII minienapol_2013_ses_8_res.pdf
114.02.17 20:02 B C:\Users\Paula\Desktop\ws_ftp32\MiniEnapol\XII\minienapol_2013_ses_9_res.pdf <-- www.fflch.usp.br /MiniEnapol/XII minienapol_2013_ses_9_res.pdf
114.02.17 20:02 B C:\Users\Paula\Desktop\ws_ftp32\MiniEnapol\XII\minienapol_semiotica_2013_caderno_resumos.pdf <-- www.fflch.usp.br /MiniEnapol/XII minienapol_semiotica_2013_caderno_resumos.pdf
114.02.17 20:02 B C:\Users\Paula\Desktop\ws_ftp32\MiniEnapol\XII\xii-minienapol-hoteis.html <-- www.fflch.usp.br /MiniEnapol/XII xii-minienapol-hoteis.html
114.02.17 20:02 B C:\Users\Paula\Desktop\ws_ftp32\MiniEnapol\XII\xii-minienapol.html <-- www.fflch.usp.br /MiniEnapol/XII xii-minienapol.html
114.02.17 20:02 B C:\Users\Paula\Desktop\ws_ftp32\MiniEnapol\XII\xii-minienapol-inscricoes.html <-- www.fflch.usp.br /MiniEnapol/XII xii-minienapol-inscricoes.html
114.07.08 16:07 B C:\Users\Paula\Desktop\ws_ftp32\MiniEnapol\XIII\minienapol2014-08outubro.html --> www.fflch.usp.br /MiniEnapol minienapol2014-08outubro.html
114.07.08 16:07 B C:\Users\Paula\Desktop\ws_ftp32\MiniEnapol\XIII\minienapol2014-09outubro.html --> www.fflch.usp.br /MiniEnapol minienapol2014-09outubro.html
114.07.08 16:07 B C:\Users\Paula\Desktop\ws_ftp32\MiniEnapol\XIII\minienapol2014-10outubro.html --> www.fflch.usp.br /MiniEnapol minienapol2014-10outubro.html
