111.02.08 23:18 B C:\Documents and Settings\Paula\Desktop\ws_ftp32\faps\2011\faps2011.html --> www.fflch.usp.br /faps faps2011.html
111.02.09 00:06 B C:\Documents and Settings\Paula\Desktop\ws_ftp32\faps\2011\faps2011.html --> www.fflch.usp.br /faps/2011 faps2011.html
111.02.13 22:59 B C:\Documents and Settings\Paula\Desktop\ws_ftp32\faps\2011\faps2011.html --> www.fflch.usp.br /faps/2011 faps2011.html
111.03.27 22:45 B C:\Documents and Settings\Paula\Desktop\ws_ftp32\faps\2011\modesto-faps2011.html <-- www.fflch.usp.br /faps/2011 modesto-faps2011.html
111.03.27 22:45 B C:\Documents and Settings\Paula\Desktop\ws_ftp32\faps\2011\faps2011.html <-- www.fflch.usp.br /faps/2011 faps2011.html
111.03.27 22:45 B C:\Documents and Settings\Paula\Desktop\ws_ftp32\faps\2011\bimbenet-faps2011.html <-- www.fflch.usp.br /faps/2011 bimbenet-faps2011.html
111.05.31 23:33 B C:\Documents and Settings\Paula\Desktop\ws_ftp32\faps\2011\faps2011.html <-- www.fflch.usp.br /faps/2011 faps2011.html
111.05.31 23:47 B C:\Documents and Settings\Paula\Desktop\ws_ftp32\faps\2011\altman-faps2011.html --> www.fflch.usp.br /faps/2011 altman-faps2011.html
111.05.31 23:52 B C:\Documents and Settings\Paula\Desktop\ws_ftp32\faps\2011\altman-faps2011.html --> www.fflch.usp.br /faps/2011 altman-faps2011.html
111.05.31 23:52 B C:\Documents and Settings\Paula\Desktop\ws_ftp32\faps\2011\faps2011.html --> www.fflch.usp.br /faps/2011 faps2011.html
111.05.31 23:55 B C:\Documents and Settings\Paula\Desktop\ws_ftp32\faps\2011\altman-faps2011.html --> www.fflch.usp.br /faps/2011 altman-faps2011.html
111.06.03 13:03 B C:\Documents and Settings\Paula\Desktop\ws_ftp32\faps\2011\altman-faps2011.html --> www.fflch.usp.br /faps/2011 altman-faps2011.html
111.08.20 18:54 B C:\Documents and Settings\Paula\Desktop\ws_ftp32\faps\2011\faps2011.html <-- www.fflch.usp.br /faps/2011 faps2011.html
111.08.23 10:42 B C:\Documents and Settings\Paula\Desktop\ws_ftp32\faps\2011\caretta-faps2011.html <-- www.fflch.usp.br /faps/2011 caretta-faps2011.html
111.08.23 10:42 B C:\Documents and Settings\Paula\Desktop\ws_ftp32\faps\2011\faps2011.html <-- www.fflch.usp.br /faps/2011 faps2011.html
111.09.09 19:08 B C:\Documents and Settings\Paula\Desktop\ws_ftp32\faps\2011\altman-faps2011.html <-- www.fflch.usp.br /faps/2011 altman-faps2011.html
111.09.09 19:08 B C:\Documents and Settings\Paula\Desktop\ws_ftp32\faps\2011\badir-dondero-faps2011.html <-- www.fflch.usp.br /faps/2011 badir-dondero-faps2011.html
111.09.09 19:08 B C:\Documents and Settings\Paula\Desktop\ws_ftp32\faps\2011\bimbenet-faps2011.html <-- www.fflch.usp.br /faps/2011 bimbenet-faps2011.html
111.09.09 19:08 B C:\Documents and Settings\Paula\Desktop\ws_ftp32\faps\2011\caretta-faps2011.html <-- www.fflch.usp.br /faps/2011 caretta-faps2011.html
111.09.09 19:08 B C:\Documents and Settings\Paula\Desktop\ws_ftp32\faps\2011\darrault-faps2011.html <-- www.fflch.usp.br /faps/2011 darrault-faps2011.html
111.09.09 19:08 B C:\Documents and Settings\Paula\Desktop\ws_ftp32\faps\2011\faps2011.html <-- www.fflch.usp.br /faps/2011 faps2011.html
111.09.09 19:08 B C:\Documents and Settings\Paula\Desktop\ws_ftp32\faps\2011\modesto-faps2011.html <-- www.fflch.usp.br /faps/2011 modesto-faps2011.html
111.09.09 19:14 B C:\Documents and Settings\Paula\Desktop\ws_ftp32\faps\2011\faps2011.html --> www.fflch.usp.br /faps/2011 faps2011.html
111.09.22 20:35 B C:\Documents and Settings\Paula\Desktop\ws_ftp32\faps\2011\faps2011.html --> www.fflch.usp.br /faps/2011 faps2011.html
111.09.22 20:35 B C:\Documents and Settings\Paula\Desktop\ws_ftp32\faps\2011\badir-dondero-faps2011.html --> www.fflch.usp.br /faps/2011 badir-dondero-faps2011.html
111.10.25 12:17 B C:\Documents and Settings\Paula\Desktop\ws_ftp32\faps\2011\faps2011.html <-- www.fflch.usp.br /faps/2011 faps2011.html
111.10.25 12:17 B C:\Documents and Settings\Paula\Desktop\ws_ftp32\faps\2011\farias-faps2011.html <-- www.fflch.usp.br /faps/2011 farias-faps2011.html
111.10.25 12:24 B C:\Documents and Settings\Paula\Desktop\ws_ftp32\faps\2011\faps2011.html --> www.fflch.usp.br /faps/2011 faps2011.html
111.10.25 12:25 B C:\Documents and Settings\Paula\Desktop\ws_ftp32\faps\2011\farias-faps2011.html --> www.fflch.usp.br /faps/2011 farias-faps2011.html
111.11.08 16:01 B C:\Documents and Settings\Paula\Desktop\ws_ftp32\faps\2011\faps2011.html <-- www.fflch.usp.br /faps/2011 faps2011.html
111.11.08 16:10 B C:\Documents and Settings\Paula\Desktop\ws_ftp32\faps\2011\faps2011.html --> www.fflch.usp.br /faps/2011 faps2011.html
111.11.08 16:10 B C:\Documents and Settings\Paula\Desktop\ws_ftp32\faps\2011\escragnolle-faps2011.html --> www.fflch.usp.br /faps/2011 escragnolle-faps2011.html
111.11.21 17:58 B C:\Documents and Settings\Paula\Desktop\ws_ftp32\faps\2011\escragnolle-faps2011.html <-- www.fflch.usp.br /faps/2011 escragnolle-faps2011.html
111.11.21 18:00 B C:\Documents and Settings\Paula\Desktop\ws_ftp32\faps\2011\escragnolle-faps2011.html --> www.fflch.usp.br /faps/2011 escragnolle-faps2011.html
111.11.27 23:33 B C:\Documents and Settings\Paula\Desktop\ws_ftp32\faps\2011\altman-faps2011.html <-- www.fflch.usp.br /faps/2011 altman-faps2011.html
111.11.27 23:33 B C:\Documents and Settings\Paula\Desktop\ws_ftp32\faps\2011\badir-dondero-faps2011.html <-- www.fflch.usp.br /faps/2011 badir-dondero-faps2011.html
111.11.27 23:33 B C:\Documents and Settings\Paula\Desktop\ws_ftp32\faps\2011\bimbenet-faps2011.html <-- www.fflch.usp.br /faps/2011 bimbenet-faps2011.html
111.11.27 23:33 B C:\Documents and Settings\Paula\Desktop\ws_ftp32\faps\2011\caretta-faps2011.html <-- www.fflch.usp.br /faps/2011 caretta-faps2011.html
111.11.27 23:33 B C:\Documents and Settings\Paula\Desktop\ws_ftp32\faps\2011\darrault-faps2011.html <-- www.fflch.usp.br /faps/2011 darrault-faps2011.html
111.11.27 23:33 B C:\Documents and Settings\Paula\Desktop\ws_ftp32\faps\2011\escragnolle-faps2011.html <-- www.fflch.usp.br /faps/2011 escragnolle-faps2011.html
111.11.27 23:33 B C:\Documents and Settings\Paula\Desktop\ws_ftp32\faps\2011\faps2011.html <-- www.fflch.usp.br /faps/2011 faps2011.html
111.11.27 23:33 B C:\Documents and Settings\Paula\Desktop\ws_ftp32\faps\2011\farias-faps2011.html <-- www.fflch.usp.br /faps/2011 farias-faps2011.html
111.11.27 23:33 B C:\Documents and Settings\Paula\Desktop\ws_ftp32\faps\2011\modesto-faps2011.html <-- www.fflch.usp.br /faps/2011 modesto-faps2011.html
112.01.02 17:52 B C:\Documents and Settings\Paula\Desktop\ws_ftp32\faps\2011\altman-faps2011.html <-- www.fflch.usp.br /faps/2011 altman-faps2011.html
112.01.02 17:52 B C:\Documents and Settings\Paula\Desktop\ws_ftp32\faps\2011\badir-dondero-faps2011.html <-- www.fflch.usp.br /faps/2011 badir-dondero-faps2011.html
112.01.02 17:52 B C:\Documents and Settings\Paula\Desktop\ws_ftp32\faps\2011\bimbenet-faps2011.html <-- www.fflch.usp.br /faps/2011 bimbenet-faps2011.html
112.01.02 17:52 B C:\Documents and Settings\Paula\Desktop\ws_ftp32\faps\2011\caretta-faps2011.html <-- www.fflch.usp.br /faps/2011 caretta-faps2011.html
112.01.02 17:52 B C:\Documents and Settings\Paula\Desktop\ws_ftp32\faps\2011\darrault-faps2011.html <-- www.fflch.usp.br /faps/2011 darrault-faps2011.html
112.01.02 17:52 B C:\Documents and Settings\Paula\Desktop\ws_ftp32\faps\2011\escragnolle-faps2011.html <-- www.fflch.usp.br /faps/2011 escragnolle-faps2011.html
112.01.02 17:52 B C:\Documents and Settings\Paula\Desktop\ws_ftp32\faps\2011\faps2011.html <-- www.fflch.usp.br /faps/2011 faps2011.html
112.01.02 17:52 B C:\Documents and Settings\Paula\Desktop\ws_ftp32\faps\2011\farias-faps2011.html <-- www.fflch.usp.br /faps/2011 farias-faps2011.html
112.01.02 17:52 B C:\Documents and Settings\Paula\Desktop\ws_ftp32\faps\2011\modesto-faps2011.html <-- www.fflch.usp.br /faps/2011 modesto-faps2011.html
112.01.02 19:11 B C:\Documents and Settings\Paula\Desktop\ws_ftp32\faps\2012\faps2011.html --> www.fflch.usp.br /faps faps2011.html
112.01.02 19:11 B C:\Documents and Settings\Paula\Desktop\ws_ftp32\faps\2012\ws_ftp.log --> www.fflch.usp.br /faps ws_ftp.log
112.01.02 19:17 B C:\Documents and Settings\Paula\Desktop\ws_ftp32\faps\2012\faps2012.html --> www.fflch.usp.br /faps faps2012.html
