113.03.12 21:59 B C:\Users\Paula\Desktop\ws_ftp32\faps\2013\faps2013.html <-- www.fflch.usp.br /faps/2013 faps2013.html
113.03.12 21:59 B C:\Users\Paula\Desktop\ws_ftp32\faps\2013\klinkenberg-faps2013.html <-- www.fflch.usp.br /faps/2013 klinkenberg-faps2013.html
113.03.12 23:33 B C:\Users\Paula\Desktop\ws_ftp32\faps\2013\faps2013.html --> www.fflch.usp.br /faps/2013 faps2013.html
113.03.12 23:33 B C:\Users\Paula\Desktop\ws_ftp32\faps\2013\Negrao-faps2013.html --> www.fflch.usp.br /faps/2013 Negrao-faps2013.html
113.03.23 12:04 B C:\Users\Paula\Desktop\ws_ftp32\faps\2013\faps2013.html <-- www.fflch.usp.br /faps/2013 faps2013.html
113.03.23 12:21 B C:\Users\Paula\Desktop\ws_ftp32\faps\2013\faps2013.html --> www.fflch.usp.br /faps/2013 faps2013.html
113.03.23 12:21 B C:\Users\Paula\Desktop\ws_ftp32\faps\2013\marsciani-faps2013.html --> www.fflch.usp.br /faps/2013 marsciani-faps2013.html
113.04.04 20:49 B C:\Users\Paula\Desktop\ws_ftp32\faps\2013\marsciani-faps2013.html --> www.fflch.usp.br /faps/2013 marsciani-faps2013.html
113.04.04 20:51 B C:\Users\Paula\Desktop\ws_ftp32\faps\2013\faps2013.html --> www.fflch.usp.br /faps/2013 faps2013.html
113.04.09 12:50 B C:\Users\Paula\Desktop\ws_ftp32\faps\2013\monteiro-faps2013.html --> www.fflch.usp.br /faps/2013 monteiro-faps2013.html
113.04.09 12:50 B C:\Users\Paula\Desktop\ws_ftp32\faps\2013\faps2013.html --> www.fflch.usp.br /faps/2013 faps2013.html
113.04.12 22:34 B C:\Users\Paula\Desktop\ws_ftp32\faps\2013\faps2013.html --> www.fflch.usp.br /faps/2013 faps2013.html
113.04.12 22:34 B C:\Users\Paula\Desktop\ws_ftp32\faps\2013\monteiro-faps2013.html --> www.fflch.usp.br /faps/2013 monteiro-faps2013.html
113.07.01 21:59 B C:\Users\Paula\Desktop\ws_ftp32\faps\2013\broden-faps2013.html <-- www.fflch.usp.br /faps/2013 broden-faps2013.html
113.07.01 22:00 B C:\Users\Paula\Desktop\ws_ftp32\faps\2013\faps2013.html <-- www.fflch.usp.br /faps/2013 faps2013.html
113.07.01 22:31 B C:\Users\Paula\Desktop\ws_ftp32\faps\2013\faps2013.html --> www.fflch.usp.br /faps/2013 faps2013.html
113.07.01 22:32 B C:\Users\Paula\Desktop\ws_ftp32\faps\2013\faps2013.html --> www.fflch.usp.br /faps/2013 faps2013.html
113.08.20 12:55 B C:\Users\Paula\Desktop\ws_ftp32\faps\2013\faps2013.html <-- www.fflch.usp.br /faps/2013 faps2013.html
113.08.20 12:55 B C:\Users\Paula\Desktop\ws_ftp32\faps\2013\broden-faps2013.html <-- www.fflch.usp.br /faps/2013 broden-faps2013.html
113.08.20 13:14 B C:\Users\Paula\Desktop\ws_ftp32\faps\2013\broden-faps2013.html --> www.fflch.usp.br /faps/2013 broden-faps2013.html
113.08.20 13:14 B C:\Users\Paula\Desktop\ws_ftp32\faps\2013\faps2013.html --> www.fflch.usp.br /faps/2013 faps2013.html
113.09.13 11:09 B C:\Users\Paula\Desktop\ws_ftp32\faps\2013\provenzano-faps2013.html <-- www.fflch.usp.br /faps/2013 provenzano-faps2013.html
113.09.13 11:09 B C:\Users\Paula\Desktop\ws_ftp32\faps\2013\faps2013.html <-- www.fflch.usp.br /faps/2013 faps2013.html
113.09.13 11:26 B C:\Users\Paula\Desktop\ws_ftp32\faps\2013\provenzano-faps2013.html --> www.fflch.usp.br /faps/2013 provenzano-faps2013.html
113.09.13 11:27 B C:\Users\Paula\Desktop\ws_ftp32\faps\2013\faps2013.html --> www.fflch.usp.br /faps/2013 faps2013.html
113.10.01 00:19 B C:\Users\Paula\Desktop\ws_ftp32\faps\2013\faps2013.html <-- www.fflch.usp.br /faps/2013 faps2013.html
113.10.01 00:48 B C:\Users\Paula\Desktop\ws_ftp32\faps\2013\ibri-faps2013.html --> www.fflch.usp.br /faps/2013 ibri-faps2013.html
113.10.01 00:48 B C:\Users\Paula\Desktop\ws_ftp32\faps\2013\faps2013.html --> www.fflch.usp.br /faps/2013 faps2013.html
113.10.02 21:29 B C:\Users\Paula\Desktop\ws_ftp32\faps\2013\bueno-faps2013.html --> www.fflch.usp.br /faps/2013 bueno-faps2013.html
113.10.02 21:29 B C:\Users\Paula\Desktop\ws_ftp32\faps\2013\faps2013.html --> www.fflch.usp.br /faps/2013 faps2013.html
113.10.14 18:43 B C:\Users\Paula\Desktop\ws_ftp32\faps\2013\ibri-faps2013.html <-- www.fflch.usp.br /faps/2013 ibri-faps2013.html
113.10.14 18:43 B C:\Users\Paula\Desktop\ws_ftp32\faps\2013\faps2013.html <-- www.fflch.usp.br /faps/2013 faps2013.html
113.10.14 18:47 B C:\Users\Paula\Desktop\ws_ftp32\faps\2013\faps2013.html --> www.fflch.usp.br /faps/2013 faps2013.html
113.10.14 18:47 B C:\Users\Paula\Desktop\ws_ftp32\faps\2013\ibri-faps2013.html --> www.fflch.usp.br /faps/2013 ibri-faps2013.html
113.10.14 18:47 B C:\Users\Paula\Desktop\ws_ftp32\faps\2013\ibri-faps2013.html --> www.fflch.usp.br /faps/2013 ibri-faps2013.html
113.10.22 22:01 B C:\Users\Paula\Desktop\ws_ftp32\faps\2013\faps2013.html <-- www.fflch.usp.br /faps/2013 faps2013.html
113.10.22 22:01 B C:\Users\Paula\Desktop\ws_ftp32\faps\2013\ibri-faps2013.html <-- www.fflch.usp.br /faps/2013 ibri-faps2013.html
113.10.22 22:09 B C:\Users\Paula\Desktop\ws_ftp32\faps\2013\faps2013.html --> www.fflch.usp.br /faps/2013 faps2013.html
113.12.11 01:50 B C:\Users\Paula\Desktop\ws_ftp32\faps\2013\faps2013.html <-- www.fflch.usp.br /faps/2013 faps2013.html
113.12.11 02:11 B C:\Users\Paula\Desktop\ws_ftp32\faps\2013\faps2013.html --> www.fflch.usp.br /faps/2013 faps2013.html
113.12.11 02:12 B C:\Users\Paula\Desktop\ws_ftp32\faps\2013\ravanello-faps2013.html --> www.fflch.usp.br /faps/2013 ravanello-faps2013.html
114.02.17 22:01 B C:\Users\Paula\Desktop\ws_ftp32\faps\2014\broden-faps2013.html --> www.fflch.usp.br /faps broden-faps2013.html
114.02.17 22:01 B C:\Users\Paula\Desktop\ws_ftp32\faps\2014\faps2014.html --> www.fflch.usp.br /faps faps2014.html
114.02.17 22:01 B C:\Users\Paula\Desktop\ws_ftp32\faps\2014\ws_ftp.log --> www.fflch.usp.br /faps ws_ftp.log
114.02.17 22:46 B C:\Users\Paula\Desktop\ws_ftp32\faps\2014\faps2014.html --> www.fflch.usp.br /faps/2014 faps2014.html
114.02.17 22:49 B C:\Users\Paula\Desktop\ws_ftp32\faps\2014\broden-faps2013.html --> www.fflch.usp.br /faps broden-faps2013.html
114.02.17 22:49 B C:\Users\Paula\Desktop\ws_ftp32\faps\2014\faps2014.html --> www.fflch.usp.br /faps faps2014.html
