110.04.23 23:56 B C:\Documents and Settings\Paula\Desktop\ws_ftp32\faps\DB.jpg <-- www.fflch.usp.br /faps DB.jpg
110.04.23 23:56 B C:\Documents and Settings\Paula\Desktop\ws_ftp32\faps\Fap-conf.htm <-- www.fflch.usp.br /faps Fap-conf.htm
110.04.23 23:56 B C:\Documents and Settings\Paula\Desktop\ws_ftp32\faps\Fap-conv.htm <-- www.fflch.usp.br /faps Fap-conv.htm
110.04.23 23:56 B C:\Documents and Settings\Paula\Desktop\ws_ftp32\faps\faps_ano_V.JPG <-- www.fflch.usp.br /faps faps_ano_V.JPG
110.04.23 23:56 B C:\Documents and Settings\Paula\Desktop\ws_ftp32\faps\faps-historico-home.html <-- www.fflch.usp.br /faps faps-historico-home.html
110.04.23 23:56 B C:\Documents and Settings\Paula\Desktop\ws_ftp32\faps\FAPS-logo1-fundo cinza.JPG <-- www.fflch.usp.br /faps FAPS-logo1-fundo cinza.JPG
110.04.23 23:56 B C:\Documents and Settings\Paula\Desktop\ws_ftp32\faps\FAPS-logo1.jpg <-- www.fflch.usp.br /faps FAPS-logo1.jpg
110.04.23 23:56 B C:\Documents and Settings\Paula\Desktop\ws_ftp32\faps\Faps logo.bmp <-- www.fflch.usp.br /faps Faps logo.bmp
110.04.23 23:56 B C:\Documents and Settings\Paula\Desktop\ws_ftp32\faps\FAPS-logo-melhor1-fundocinza.JPG <-- www.fflch.usp.br /faps FAPS-logo-melhor1-fundocinza.JPG
110.04.23 23:56 B C:\Documents and Settings\Paula\Desktop\ws_ftp32\faps\faps_realizacoes.html <-- www.fflch.usp.br /faps faps_realizacoes.html
110.05.17 23:50 B C:\Documents and Settings\Paula\Desktop\ws_ftp32\faps\DB.jpg <-- www.fflch.usp.br /faps DB.jpg
110.05.17 23:50 B C:\Documents and Settings\Paula\Desktop\ws_ftp32\faps\Fap-conf.htm <-- www.fflch.usp.br /faps Fap-conf.htm
110.05.17 23:50 B C:\Documents and Settings\Paula\Desktop\ws_ftp32\faps\Fap-conv.htm <-- www.fflch.usp.br /faps Fap-conv.htm
110.05.17 23:50 B C:\Documents and Settings\Paula\Desktop\ws_ftp32\faps\faps_ano_V.JPG <-- www.fflch.usp.br /faps faps_ano_V.JPG
110.05.17 23:50 B C:\Documents and Settings\Paula\Desktop\ws_ftp32\faps\faps-historico-home.html <-- www.fflch.usp.br /faps faps-historico-home.html
110.05.17 23:50 B C:\Documents and Settings\Paula\Desktop\ws_ftp32\faps\FAPS-logo1-fundo cinza.JPG <-- www.fflch.usp.br /faps FAPS-logo1-fundo cinza.JPG
110.05.17 23:50 B C:\Documents and Settings\Paula\Desktop\ws_ftp32\faps\FAPS-logo1.jpg <-- www.fflch.usp.br /faps FAPS-logo1.jpg
110.05.17 23:50 B C:\Documents and Settings\Paula\Desktop\ws_ftp32\faps\Faps logo.bmp <-- www.fflch.usp.br /faps Faps logo.bmp
110.05.17 23:50 B C:\Documents and Settings\Paula\Desktop\ws_ftp32\faps\FAPS-logo-melhor1-fundocinza.JPG <-- www.fflch.usp.br /faps FAPS-logo-melhor1-fundocinza.JPG
110.05.17 23:50 B C:\Documents and Settings\Paula\Desktop\ws_ftp32\faps\faps_realizacoes.html <-- www.fflch.usp.br /faps faps_realizacoes.html
110.05.29 13:35 B C:\Documents and Settings\Paula\Desktop\ws_ftp32\faps\DB.jpg --> www.fflch.usp.br / DB.jpg
110.05.29 13:35 B C:\Documents and Settings\Paula\Desktop\ws_ftp32\faps\Fap-conf.htm --> www.fflch.usp.br / Fap-conf.htm
110.05.29 13:35 B C:\Documents and Settings\Paula\Desktop\ws_ftp32\faps\Fap-conv.htm --> www.fflch.usp.br / Fap-conv.htm
110.05.29 13:35 B C:\Documents and Settings\Paula\Desktop\ws_ftp32\faps\Faps logo.bmp --> www.fflch.usp.br / Faps logo.bmp
110.05.29 13:35 B C:\Documents and Settings\Paula\Desktop\ws_ftp32\faps\faps-historico-home.html --> www.fflch.usp.br / faps-historico-home.html
110.05.29 13:35 B C:\Documents and Settings\Paula\Desktop\ws_ftp32\faps\FAPS-logo-melhor1-fundocinza.JPG --> www.fflch.usp.br / FAPS-logo-melhor1-fundocinza.JPG
110.05.29 13:35 B C:\Documents and Settings\Paula\Desktop\ws_ftp32\faps\FAPS-logo1-fundo cinza.JPG --> www.fflch.usp.br / FAPS-logo1-fundo cinza.JPG
110.05.29 13:35 B C:\Documents and Settings\Paula\Desktop\ws_ftp32\faps\FAPS-logo1.jpg --> www.fflch.usp.br / FAPS-logo1.jpg
110.05.29 13:35 B C:\Documents and Settings\Paula\Desktop\ws_ftp32\faps\faps_ano_V.JPG --> www.fflch.usp.br / faps_ano_V.JPG
110.05.29 13:35 B C:\Documents and Settings\Paula\Desktop\ws_ftp32\faps\faps_realizacoes.html --> www.fflch.usp.br / faps_realizacoes.html
