110.04.23 23:56 B C:\Documents and Settings\Paula\Desktop\ws_ftp32\faps\2003\anacrisfaps.htm <-- www.fflch.usp.br /faps/2003 anacrisfaps.htm
110.04.23 23:56 B C:\Documents and Settings\Paula\Desktop\ws_ftp32\faps\2003\Fap-cris.htm <-- www.fflch.usp.br /faps/2003 Fap-cris.htm
110.04.23 23:56 B C:\Documents and Settings\Paula\Desktop\ws_ftp32\faps\2003\Fap-iva.htm <-- www.fflch.usp.br /faps/2003 Fap-iva.htm
110.04.23 23:56 B C:\Documents and Settings\Paula\Desktop\ws_ftp32\faps\2003\Fap-ivã.htm <-- www.fflch.usp.br /faps/2003 Fap-ivã.htm
110.04.23 23:56 B C:\Documents and Settings\Paula\Desktop\ws_ftp32\faps\2003\Fap-r-ia.htm <-- www.fflch.usp.br /faps/2003 Fap-r-ia.htm
110.04.23 23:56 B C:\Documents and Settings\Paula\Desktop\ws_ftp32\faps\2003\Fap-rica.htm <-- www.fflch.usp.br /faps/2003 Fap-rica.htm
110.04.23 23:56 B C:\Documents and Settings\Paula\Desktop\ws_ftp32\faps\2003\Fap-rmar.htm <-- www.fflch.usp.br /faps/2003 Fap-rmar.htm
110.04.23 23:56 B C:\Documents and Settings\Paula\Desktop\ws_ftp32\faps\2003\faps2003.html <-- www.fflch.usp.br /faps/2003 faps2003.html
110.04.23 23:56 B C:\Documents and Settings\Paula\Desktop\ws_ftp32\faps\2003\Fap-serg.htm <-- www.fflch.usp.br /faps/2003 Fap-serg.htm
110.04.23 23:56 B C:\Documents and Settings\Paula\Desktop\ws_ftp32\faps\2003\Faps-qs.htm <-- www.fflch.usp.br /faps/2003 Faps-qs.htm
110.04.23 23:56 B C:\Documents and Settings\Paula\Desktop\ws_ftp32\faps\2003\faps-russ.htm <-- www.fflch.usp.br /faps/2003 faps-russ.htm
110.04.23 23:56 B C:\Documents and Settings\Paula\Desktop\ws_ftp32\faps\2003\Fap-vic.htm <-- www.fflch.usp.br /faps/2003 Fap-vic.htm
110.04.23 23:56 B C:\Documents and Settings\Paula\Desktop\ws_ftp32\faps\2003\iarafaps.htm <-- www.fflch.usp.br /faps/2003 iarafaps.htm
110.04.23 23:56 B C:\Documents and Settings\Paula\Desktop\ws_ftp32\faps\2003\ivafaps.htm <-- www.fflch.usp.br /faps/2003 ivafaps.htm
110.04.23 23:56 B C:\Documents and Settings\Paula\Desktop\ws_ftp32\faps\2003\marcosfaps.htm <-- www.fflch.usp.br /faps/2003 marcosfaps.htm
110.04.23 23:56 B C:\Documents and Settings\Paula\Desktop\ws_ftp32\faps\2003\normafaps.htm <-- www.fflch.usp.br /faps/2003 normafaps.htm
110.04.23 23:56 B C:\Documents and Settings\Paula\Desktop\ws_ftp32\faps\2003\ricardofaps.htm <-- www.fflch.usp.br /faps/2003 ricardofaps.htm
110.04.23 23:56 B C:\Documents and Settings\Paula\Desktop\ws_ftp32\faps\2003\sergiofaps.htm <-- www.fflch.usp.br /faps/2003 sergiofaps.htm
110.04.23 23:56 B C:\Documents and Settings\Paula\Desktop\ws_ftp32\faps\2003\sergueifaps.htm <-- www.fflch.usp.br /faps/2003 sergueifaps.htm
110.04.23 23:56 B C:\Documents and Settings\Paula\Desktop\ws_ftp32\faps\2003\vicentefaps.htm <-- www.fflch.usp.br /faps/2003 vicentefaps.htm
110.05.17 23:51 B C:\Documents and Settings\Paula\Desktop\ws_ftp32\faps\2003\anacrisfaps.htm <-- www.fflch.usp.br /faps/2003 anacrisfaps.htm
110.05.17 23:51 B C:\Documents and Settings\Paula\Desktop\ws_ftp32\faps\2003\Fap-cris.htm <-- www.fflch.usp.br /faps/2003 Fap-cris.htm
110.05.17 23:51 B C:\Documents and Settings\Paula\Desktop\ws_ftp32\faps\2003\Fap-iva.htm <-- www.fflch.usp.br /faps/2003 Fap-iva.htm
110.05.17 23:51 B C:\Documents and Settings\Paula\Desktop\ws_ftp32\faps\2003\Fap-ivã.htm <-- www.fflch.usp.br /faps/2003 Fap-ivã.htm
110.05.17 23:51 B C:\Documents and Settings\Paula\Desktop\ws_ftp32\faps\2003\Fap-r-ia.htm <-- www.fflch.usp.br /faps/2003 Fap-r-ia.htm
110.05.17 23:51 B C:\Documents and Settings\Paula\Desktop\ws_ftp32\faps\2003\Fap-rica.htm <-- www.fflch.usp.br /faps/2003 Fap-rica.htm
110.05.17 23:51 B C:\Documents and Settings\Paula\Desktop\ws_ftp32\faps\2003\Fap-rmar.htm <-- www.fflch.usp.br /faps/2003 Fap-rmar.htm
110.05.17 23:51 B C:\Documents and Settings\Paula\Desktop\ws_ftp32\faps\2003\faps2003.html <-- www.fflch.usp.br /faps/2003 faps2003.html
110.05.17 23:51 B C:\Documents and Settings\Paula\Desktop\ws_ftp32\faps\2003\Fap-serg.htm <-- www.fflch.usp.br /faps/2003 Fap-serg.htm
110.05.17 23:51 B C:\Documents and Settings\Paula\Desktop\ws_ftp32\faps\2003\Faps-qs.htm <-- www.fflch.usp.br /faps/2003 Faps-qs.htm
110.05.17 23:51 B C:\Documents and Settings\Paula\Desktop\ws_ftp32\faps\2003\faps-russ.htm <-- www.fflch.usp.br /faps/2003 faps-russ.htm
110.05.17 23:51 B C:\Documents and Settings\Paula\Desktop\ws_ftp32\faps\2003\Fap-vic.htm <-- www.fflch.usp.br /faps/2003 Fap-vic.htm
110.05.17 23:51 B C:\Documents and Settings\Paula\Desktop\ws_ftp32\faps\2003\iarafaps.htm <-- www.fflch.usp.br /faps/2003 iarafaps.htm
110.05.17 23:51 B C:\Documents and Settings\Paula\Desktop\ws_ftp32\faps\2003\ivafaps.htm <-- www.fflch.usp.br /faps/2003 ivafaps.htm
110.05.17 23:51 B C:\Documents and Settings\Paula\Desktop\ws_ftp32\faps\2003\marcosfaps.htm <-- www.fflch.usp.br /faps/2003 marcosfaps.htm
110.05.17 23:51 B C:\Documents and Settings\Paula\Desktop\ws_ftp32\faps\2003\normafaps.htm <-- www.fflch.usp.br /faps/2003 normafaps.htm
110.05.17 23:51 B C:\Documents and Settings\Paula\Desktop\ws_ftp32\faps\2003\ricardofaps.htm <-- www.fflch.usp.br /faps/2003 ricardofaps.htm
110.05.17 23:51 B C:\Documents and Settings\Paula\Desktop\ws_ftp32\faps\2003\sergiofaps.htm <-- www.fflch.usp.br /faps/2003 sergiofaps.htm
110.05.17 23:51 B C:\Documents and Settings\Paula\Desktop\ws_ftp32\faps\2003\sergueifaps.htm <-- www.fflch.usp.br /faps/2003 sergueifaps.htm
110.05.17 23:51 B C:\Documents and Settings\Paula\Desktop\ws_ftp32\faps\2003\vicentefaps.htm <-- www.fflch.usp.br /faps/2003 vicentefaps.htm
110.05.29 13:35 B C:\Documents and Settings\Paula\Desktop\ws_ftp32\faps\2003\anacrisfaps.htm --> www.fflch.usp.br /faps/2003 anacrisfaps.htm
110.05.29 13:35 B C:\Documents and Settings\Paula\Desktop\ws_ftp32\faps\2003\Fap-cris.htm --> www.fflch.usp.br /faps/2003 Fap-cris.htm
110.05.29 13:35 B C:\Documents and Settings\Paula\Desktop\ws_ftp32\faps\2003\Fap-iva.htm --> www.fflch.usp.br /faps/2003 Fap-iva.htm
110.05.29 13:35 B C:\Documents and Settings\Paula\Desktop\ws_ftp32\faps\2003\Fap-ivã.htm --> www.fflch.usp.br /faps/2003 Fap-ivã.htm
110.05.29 13:35 B C:\Documents and Settings\Paula\Desktop\ws_ftp32\faps\2003\Fap-r-ia.htm --> www.fflch.usp.br /faps/2003 Fap-r-ia.htm
110.05.29 13:35 B C:\Documents and Settings\Paula\Desktop\ws_ftp32\faps\2003\Fap-rica.htm --> www.fflch.usp.br /faps/2003 Fap-rica.htm
110.05.29 13:35 B C:\Documents and Settings\Paula\Desktop\ws_ftp32\faps\2003\Fap-rmar.htm --> www.fflch.usp.br /faps/2003 Fap-rmar.htm
110.05.29 13:35 B C:\Documents and Settings\Paula\Desktop\ws_ftp32\faps\2003\Fap-serg.htm --> www.fflch.usp.br /faps/2003 Fap-serg.htm
110.05.29 13:35 B C:\Documents and Settings\Paula\Desktop\ws_ftp32\faps\2003\Fap-vic.htm --> www.fflch.usp.br /faps/2003 Fap-vic.htm
110.05.29 13:35 B C:\Documents and Settings\Paula\Desktop\ws_ftp32\faps\2003\Faps-qs.htm --> www.fflch.usp.br /faps/2003 Faps-qs.htm
110.05.29 13:35 B C:\Documents and Settings\Paula\Desktop\ws_ftp32\faps\2003\faps-russ.htm --> www.fflch.usp.br /faps/2003 faps-russ.htm
110.05.29 13:35 B C:\Documents and Settings\Paula\Desktop\ws_ftp32\faps\2003\faps2003.html --> www.fflch.usp.br /faps/2003 faps2003.html
110.05.29 13:35 B C:\Documents and Settings\Paula\Desktop\ws_ftp32\faps\2003\iarafaps.htm --> www.fflch.usp.br /faps/2003 iarafaps.htm
110.05.29 13:35 B C:\Documents and Settings\Paula\Desktop\ws_ftp32\faps\2003\ivafaps.htm --> www.fflch.usp.br /faps/2003 ivafaps.htm
110.05.29 13:35 B C:\Documents and Settings\Paula\Desktop\ws_ftp32\faps\2003\marcosfaps.htm --> www.fflch.usp.br /faps/2003 marcosfaps.htm
110.05.29 13:35 B C:\Documents and Settings\Paula\Desktop\ws_ftp32\faps\2003\normafaps.htm --> www.fflch.usp.br /faps/2003 normafaps.htm
110.05.29 13:35 B C:\Documents and Settings\Paula\Desktop\ws_ftp32\faps\2003\ricardofaps.htm --> www.fflch.usp.br /faps/2003 ricardofaps.htm
110.05.29 13:35 B C:\Documents and Settings\Paula\Desktop\ws_ftp32\faps\2003\sergiofaps.htm --> www.fflch.usp.br /faps/2003 sergiofaps.htm
110.05.29 13:35 B C:\Documents and Settings\Paula\Desktop\ws_ftp32\faps\2003\sergueifaps.htm --> www.fflch.usp.br /faps/2003 sergueifaps.htm
110.05.29 13:35 B C:\Documents and Settings\Paula\Desktop\ws_ftp32\faps\2003\vicentefaps.htm --> www.fflch.usp.br /faps/2003 vicentefaps.htm
